  main.cpp
  ofApp.cpp
  CamLoader.cpp
  ColourGradient.cpp
  GuiColourGradient.cpp
  ImageLoader.cpp
  input_selector.cpp
  Sound.cpp
  VideoLoader.cpp
  BaseEngine.cpp
  BaseTheme.cpp
  EngineGLFW.cpp
  EngineOpenGLES.cpp
  Gui.cpp
  Helpers.cpp
  imgui.cpp
  imgui_demo.cpp
  imgui_draw.cpp
  fft.cpp
..\..\..\..\addons\ofxMaxim\libs\fft.cpp(148): warning C4244: '=': conversion from 'double' to 'float', possible loss of data
..\..\..\..\addons\ofxMaxim\libs\fft.cpp(160): warning C4244: 'initializing': conversion from 'double' to 'float', possible loss of data
..\..\..\..\addons\ofxMaxim\libs\fft.cpp(161): warning C4244: 'initializing': conversion from 'double' to 'float', possible loss of data
..\..\..\..\addons\ofxMaxim\libs\fft.cpp(162): warning C4244: 'initializing': conversion from 'double' to 'float', possible loss of data
..\..\..\..\addons\ofxMaxim\libs\fft.cpp(163): warning C4244: 'initializing': conversion from 'double' to 'float', possible loss of data
..\..\..\..\addons\ofxMaxim\libs\fft.cpp(232): warning C4244: 'initializing': conversion from 'double' to 'float', possible loss of data
..\..\..\..\addons\ofxMaxim\libs\fft.cpp(246): warning C4244: 'initializing': conversion from 'double' to 'float', possible loss of data
..\..\..\..\addons\ofxMaxim\libs\fft.cpp(248): warning C4244: 'initializing': conversion from 'double' to 'float', possible loss of data
..\..\..\..\addons\ofxMaxim\libs\fft.cpp(259): warning C4244: '=': conversion from 'double' to 'float', possible loss of data
..\..\..\..\addons\ofxMaxim\libs\fft.cpp(260): warning C4244: '=': conversion from 'double' to 'float', possible loss of data
..\..\..\..\addons\ofxMaxim\libs\fft.cpp(261): warning C4244: '=': conversion from 'double' to 'float', possible loss of data
..\..\..\..\addons\ofxMaxim\libs\fft.cpp(262): warning C4244: '=': conversion from 'double' to 'float', possible loss of data
..\..\..\..\addons\ofxMaxim\libs\fft.cpp(297): warning C4244: 'initializing': conversion from 'double' to 'float', possible loss of data
..\..\..\..\addons\ofxMaxim\libs\fft.cpp(313): warning C4244: 'initializing': conversion from 'double' to 'float', possible loss of data
..\..\..\..\addons\ofxMaxim\libs\fft.cpp(315): warning C4244: 'initializing': conversion from 'double' to 'float', possible loss of data
..\..\..\..\addons\ofxMaxim\libs\fft.cpp(327): warning C4244: '=': conversion from 'double' to 'float', possible loss of data
..\..\..\..\addons\ofxMaxim\libs\fft.cpp(328): warning C4244: '=': conversion from 'double' to 'float', possible loss of data
..\..\..\..\addons\ofxMaxim\libs\fft.cpp(329): warning C4244: '=': conversion from 'double' to 'float', possible loss of data
..\..\..\..\addons\ofxMaxim\libs\fft.cpp(330): warning C4244: '=': conversion from 'double' to 'float', possible loss of data
..\..\..\..\addons\ofxMaxim\libs\fft.cpp(369): warning C4244: '*=': conversion from 'double' to 'float', possible loss of data
..\..\..\..\addons\ofxMaxim\libs\fft.cpp(376): warning C4244: '*=': conversion from 'double' to 'float', possible loss of data
..\..\..\..\addons\ofxMaxim\libs\fft.cpp(382): warning C4244: '*=': conversion from 'double' to 'float', possible loss of data
..\..\..\..\addons\ofxMaxim\libs\fft.cpp(395): warning C4244: '=': conversion from 'double' to 'float', possible loss of data
..\..\..\..\addons\ofxMaxim\libs\fft.cpp(402): warning C4244: '=': conversion from 'double' to 'float', possible loss of data
..\..\..\..\addons\ofxMaxim\libs\fft.cpp(408): warning C4244: '=': conversion from 'double' to 'float', possible loss of data
..\..\..\..\addons\ofxMaxim\libs\fft.cpp(463): warning C4244: '=': conversion from 'double' to 'float', possible loss of data
..\..\..\..\addons\ofxMaxim\libs\fft.cpp(464): warning C4244: '=': conversion from 'double' to 'float', possible loss of data
..\..\..\..\addons\ofxMaxim\libs\fft.cpp(480): warning C4244: '=': conversion from 'double' to 'float', possible loss of data
..\..\..\..\addons\ofxMaxim\libs\fft.cpp(542): warning C4244: '=': conversion from 'double' to 'float', possible loss of data
..\..\..\..\addons\ofxMaxim\libs\fft.cpp(543): warning C4244: '=': conversion from 'double' to 'float', possible loss of data
..\..\..\..\addons\ofxMaxim\libs\fft.cpp(550): warning C4244: 'argument': conversion from 'double' to 'int', possible loss of data
..\..\..\..\addons\ofxMaxim\libs\fft.cpp(551): warning C4244: 'argument': conversion from 'double' to 'int', possible loss of data
  maxiAtoms.cpp
..\..\..\..\addons\ofxImGui\src\Helpers.cpp(422): warning C4018: '<': signed/unsigned mismatch
..\..\..\..\addons\ofxImGui\src\Helpers.cpp(543): warning C4018: '<': signed/unsigned mismatch
..\..\..\..\addons\ofxImGui\src\Helpers.cpp(555): warning C4018: '<': signed/unsigned mismatch
..\..\..\..\addons\ofxImGui\src\Helpers.cpp(567): warning C4018: '<': signed/unsigned mismatch
src\ColourGradient.cpp(169): warning C4101: 'val': unreferenced local variable
  maxiBark.cpp
d:\code\of\of_v0.9.8_vs_release\addons\ofxmaxim\libs\maximilian.h(290): warning C4244: '=': conversion from 'double' to 'short', possible loss of data (compiling source file ..\..\..\..\addons\ofxMaxim\libs\maxiAtoms.cpp)
d:\code\of\of_v0.9.8_vs_release\addons\ofxmaxim\libs\maximilian.h(360): warning C4996: 'sprintf': This function or variable may be unsafe. Consider using sprintf_s instead. To disable deprecation, use _CRT_SECURE_NO_WARNINGS. See online help for details. (compiling source file ..\..\..\..\addons\ofxMaxim\libs\maxiAtoms.cpp)
  C:\Program Files (x86)\Windows Kits\10\Include\10.0.10240.0\ucrt\stdio.h(1769): note: see declaration of 'sprintf' (compiling source file ..\..\..\..\addons\ofxMaxim\libs\maxiAtoms.cpp)
d:\code\of\of_v0.9.8_vs_release\addons\ofxmaxim\libs\maximilian.h(504): warning C4244: 'argument': conversion from 'double' to 'int', possible loss of data (compiling source file ..\..\..\..\addons\ofxMaxim\libs\maxiAtoms.cpp)
d:\code\of\of_v0.9.8_vs_release\addons\ofxmaxim\libs\maximilian.h(529): warning C4244: 'argument': conversion from 'double' to 'int', possible loss of data (compiling source file ..\..\..\..\addons\ofxMaxim\libs\maxiAtoms.cpp)
d:\code\of\of_v0.9.8_vs_release\addons\ofxmaxim\libs\maximilian.h(530): warning C4244: 'argument': conversion from 'double' to 'int', possible loss of data (compiling source file ..\..\..\..\addons\ofxMaxim\libs\maxiAtoms.cpp)
src\GuiColourGradient.cpp(405): warning C4551: function call missing argument list
src\GuiColourGradient.cpp(412): warning C4551: function call missing argument list
src\GuiColourGradient.cpp(419): warning C4551: function call missing argument list
src\GuiColourGradient.cpp(426): warning C4551: function call missing argument list
..\..\..\..\addons\ofxMaxim\libs\maxiAtoms.cpp(22): warning C4838: conversion from 'double' to 'float' requires a narrowing conversion
..\..\..\..\addons\ofxMaxim\libs\maxiAtoms.cpp(22): warning C4305: 'initializing': truncation from 'double' to 'float'
  maxiFFT.cpp
  maxiGrains.cpp
  maxiMFCC.cpp
..\..\..\..\addons\ofxMaxim\libs\maxiAtoms.cpp(41): warning C4244: '=': conversion from 'double' to 'float', possible loss of data
..\..\..\..\addons\ofxMaxim\libs\maxiAtoms.cpp(60): warning C4244: 'initializing': conversion from 'double' to 'float', possible loss of data
..\..\..\..\addons\ofxMaxim\libs\maxiAtoms.cpp(78): warning C4305: '*=': truncation from 'double' to 'float'
..\..\..\..\addons\ofxMaxim\libs\maxiAtoms.cpp(110): warning C4018: '<': signed/unsigned mismatch
..\..\..\..\addons\ofxMaxim\libs\maxiAtoms.cpp(191): warning C4018: '<': signed/unsigned mismatch
..\..\..\..\addons\ofxMaxim\libs\maxiAtoms.cpp(211): warning C4244: 'argument': conversion from 'double' to 'const float', possible loss of data
..\..\..\..\addons\ofxMaxim\libs\maxiAtoms.cpp(211): warning C4305: 'argument': truncation from 'double' to 'const float'
..\..\..\..\addons\ofxMaxim\libs\maxiAtoms.cpp(211): warning C4244: 'argument': conversion from 'float' to 'const unsigned int', possible loss of data
..\..\..\..\addons\ofxMaxim\libs\maxiAtoms.cpp(212): warning C4244: 'argument': conversion from 'float' to 'unsigned int', possible loss of data
..\..\..\..\addons\ofxMaxim\libs\maxiBark.cpp(10): warning C4103: alignment changed after including header, may be due to missing #pragma pack(pop)
d:\code\of\of_v0.9.8_vs_release\addons\ofxmaxim\libs\maxiGrains.h(114): warning C4018: '<': signed/unsigned mismatch (compiling source file ..\..\..\..\addons\ofxMaxim\libs\maxiAtoms.cpp)
  d:\code\of\of_v0.9.8_vs_release\addons\ofxmaxim\libs\maxiGrains.h(111): note: while compiling class template member function 'double *maxiGrainWindowCache<gaussianWinFunctor>::getWindow(const unsigned int)' (compiling source file ..\..\..\..\addons\ofxMaxim\libs\maxiAtoms.cpp)
  ..\..\..\..\addons\ofxMaxim\libs\maxiAtoms.cpp(36): note: see reference to function template instantiation 'double *maxiGrainWindowCache<gaussianWinFunctor>::getWindow(const unsigned int)' being compiled
  ..\..\..\..\addons\ofxMaxim\libs\maxiAtoms.cpp(25): note: see reference to class template instantiation 'maxiGrainWindowCache<gaussianWinFunctor>' being compiled
d:\code\of\of_v0.9.8_vs_release\addons\ofxmaxim\libs\maxiGrains.h(103): warning C4018: '<': signed/unsigned mismatch (compiling source file ..\..\..\..\addons\ofxMaxim\libs\maxiAtoms.cpp)
  d:\code\of\of_v0.9.8_vs_release\addons\ofxmaxim\libs\maxiGrains.h(102): note: while compiling class template member function 'maxiGrainWindowCache<gaussianWinFunctor>::~maxiGrainWindowCache(void)' (compiling source file ..\..\..\..\addons\ofxMaxim\libs\maxiAtoms.cpp)
  ..\..\..\..\addons\ofxMaxim\libs\maxiAtoms.cpp(25): note: see reference to function template instantiation 'maxiGrainWindowCache<gaussianWinFunctor>::~maxiGrainWindowCache(void)' being compiled
d:\code\of\of_v0.9.8_vs_release\addons\ofxmaxim\libs\maxiGrains.h(95): warning C4244: '=': conversion from 'double' to 'unsigned int', possible loss of data (compiling source file ..\..\..\..\addons\ofxMaxim\libs\maxiAtoms.cpp)
  d:\code\of\of_v0.9.8_vs_release\addons\ofxmaxim\libs\maxiGrains.h(94): note: while compiling class template member function 'maxiGrainWindowCache<gaussianWinFunctor>::maxiGrainWindowCache(void)' (compiling source file ..\..\..\..\addons\ofxMaxim\libs\maxiAtoms.cpp)
  ..\..\..\..\addons\ofxMaxim\libs\maxiAtoms.cpp(25): note: see reference to function template instantiation 'maxiGrainWindowCache<gaussianWinFunctor>::maxiGrainWindowCache(void)' being compiled
d:\code\of\of_v0.9.8_vs_release\addons\ofxmaxim\libs\maxiGrains.h(97): warning C4018: '<': signed/unsigned mismatch (compiling source file ..\..\..\..\addons\ofxMaxim\libs\maxiAtoms.cpp)
  maximilian.cpp
..\..\..\..\addons\ofxMaxim\libs\maxiMFCC.cpp(10): warning C4103: alignment changed after including header, may be due to missing #pragma pack(pop)
  stb_vorbis.c
..\..\..\..\addons\ofxMaxim\libs\maxiMFCC.cpp(65): warning C4244: '=': conversion from 'double' to 'float', possible loss of data
  ..\..\..\..\addons\ofxMaxim\libs\maxiMFCC.cpp(50): note: while compiling class template member function 'void maxiMFCCAnalyser<float>::melFilterAndLogSq_Part2(float *)'
  ..\..\..\..\addons\ofxMaxim\libs\maxiMFCC.cpp(46): note: see reference to function template instantiation 'void maxiMFCCAnalyser<float>::melFilterAndLogSq_Part2(float *)' being compiled
  ..\..\..\..\addons\ofxMaxim\libs\maxiMFCC.cpp(42): note: see reference to class template instantiation 'maxiMFCCAnalyser<float>' being compiled
  ofxNDIdialog.cpp
..\..\..\..\addons\ofxMaxim\libs\stb_vorbis.c(4664): warning C4996: 'fopen': This function or variable may be unsafe. Consider using fopen_s instead. To disable deprecation, use _CRT_SECURE_NO_WARNINGS. See online help for details.
  C:\Program Files (x86)\Windows Kits\10\Include\10.0.10240.0\ucrt\stdio.h(205): note: see declaration of 'fopen'
  ofxNDIreceiver.cpp
d:\code\of\of_v0.9.8_vs_release\addons\ofxmaxim\libs\maximilian.h(290): warning C4244: '=': conversion from 'double' to 'short', possible loss of data (compiling source file ..\..\..\..\addons\ofxMaxim\libs\maxiFFT.cpp)
d:\code\of\of_v0.9.8_vs_release\addons\ofxmaxim\libs\maximilian.h(360): warning C4996: 'sprintf': This function or variable may be unsafe. Consider using sprintf_s instead. To disable deprecation, use _CRT_SECURE_NO_WARNINGS. See online help for details. (compiling source file ..\..\..\..\addons\ofxMaxim\libs\maxiFFT.cpp)
  C:\Program Files (x86)\Windows Kits\10\Include\10.0.10240.0\ucrt\stdio.h(1769): note: see declaration of 'sprintf' (compiling source file ..\..\..\..\addons\ofxMaxim\libs\maxiFFT.cpp)
d:\code\of\of_v0.9.8_vs_release\addons\ofxmaxim\libs\maximilian.h(504): warning C4244: 'argument': conversion from 'double' to 'int', possible loss of data (compiling source file ..\..\..\..\addons\ofxMaxim\libs\maxiFFT.cpp)
d:\code\of\of_v0.9.8_vs_release\addons\ofxmaxim\libs\maximilian.h(529): warning C4244: 'argument': conversion from 'double' to 'int', possible loss of data (compiling source file ..\..\..\..\addons\ofxMaxim\libs\maxiFFT.cpp)
d:\code\of\of_v0.9.8_vs_release\addons\ofxmaxim\libs\maximilian.h(530): warning C4244: 'argument': conversion from 'double' to 'int', possible loss of data (compiling source file ..\..\..\..\addons\ofxMaxim\libs\maxiFFT.cpp)
d:\code\of\of_v0.9.8_vs_release\addons\ofxmaxim\libs\maximilian.h(290): warning C4244: '=': conversion from 'double' to 'short', possible loss of data (compiling source file ..\..\..\..\addons\ofxMaxim\libs\maxiGrains.cpp)
d:\code\of\of_v0.9.8_vs_release\addons\ofxmaxim\libs\maximilian.h(360): warning C4996: 'sprintf': This function or variable may be unsafe. Consider using sprintf_s instead. To disable deprecation, use _CRT_SECURE_NO_WARNINGS. See online help for details. (compiling source file ..\..\..\..\addons\ofxMaxim\libs\maxiGrains.cpp)
  C:\Program Files (x86)\Windows Kits\10\Include\10.0.10240.0\ucrt\stdio.h(1769): note: see declaration of 'sprintf' (compiling source file ..\..\..\..\addons\ofxMaxim\libs\maxiGrains.cpp)
d:\code\of\of_v0.9.8_vs_release\addons\ofxmaxim\libs\maximilian.h(504): warning C4244: 'argument': conversion from 'double' to 'int', possible loss of data (compiling source file ..\..\..\..\addons\ofxMaxim\libs\maxiGrains.cpp)
d:\code\of\of_v0.9.8_vs_release\addons\ofxmaxim\libs\maximilian.h(529): warning C4244: 'argument': conversion from 'double' to 'int', possible loss of data (compiling source file ..\..\..\..\addons\ofxMaxim\libs\maxiGrains.cpp)
d:\code\of\of_v0.9.8_vs_release\addons\ofxmaxim\libs\maximilian.h(530): warning C4244: 'argument': conversion from 'double' to 'int', possible loss of data (compiling source file ..\..\..\..\addons\ofxMaxim\libs\maxiGrains.cpp)
  ofxNDIsender.cpp
d:\code\of\of_v0.9.8_vs_release\addons\ofxmaxim\libs\maximilian.h(290): warning C4244: '=': conversion from 'double' to 'short', possible loss of data (compiling source file ..\..\..\..\addons\ofxMaxim\libs\maximilian.cpp)
d:\code\of\of_v0.9.8_vs_release\addons\ofxmaxim\libs\maximilian.h(360): warning C4996: 'sprintf': This function or variable may be unsafe. Consider using sprintf_s instead. To disable deprecation, use _CRT_SECURE_NO_WARNINGS. See online help for details. (compiling source file ..\..\..\..\addons\ofxMaxim\libs\maximilian.cpp)
  C:\Program Files (x86)\Windows Kits\10\Include\10.0.10240.0\ucrt\stdio.h(1769): note: see declaration of 'sprintf' (compiling source file ..\..\..\..\addons\ofxMaxim\libs\maximilian.cpp)
d:\code\of\of_v0.9.8_vs_release\addons\ofxmaxim\libs\maximilian.h(504): warning C4244: 'argument': conversion from 'double' to 'int', possible loss of data (compiling source file ..\..\..\..\addons\ofxMaxim\libs\maximilian.cpp)
d:\code\of\of_v0.9.8_vs_release\addons\ofxmaxim\libs\maximilian.h(529): warning C4244: 'argument': conversion from 'double' to 'int', possible loss of data (compiling source file ..\..\..\..\addons\ofxMaxim\libs\maximilian.cpp)
d:\code\of\of_v0.9.8_vs_release\addons\ofxmaxim\libs\maximilian.h(530): warning C4244: 'argument': conversion from 'double' to 'int', possible loss of data (compiling source file ..\..\..\..\addons\ofxMaxim\libs\maximilian.cpp)
  ofxNDIutils.cpp
  resource.rc
..\..\..\..\addons\ofxMaxim\libs\maximilian.cpp(626): warning C4244: '=': conversion from 'double' to 'long', possible loss of data
  ofxSpout2Receiver.cpp
..\..\..\..\addons\ofxMaxim\libs\maximilian.cpp(720): warning C4244: '=': conversion from 'double' to 'long', possible loss of data
..\..\..\..\addons\ofxMaxim\libs\maximilian.cpp(728): warning C4244: '=': conversion from 'double' to 'long', possible loss of data
..\..\..\..\addons\ofxMaxim\libs\maximilian.cpp(739): warning C4244: '=': conversion from 'double' to 'long', possible loss of data
..\..\..\..\addons\ofxMaxim\libs\maximilian.cpp(746): warning C4244: '=': conversion from 'double' to 'long', possible loss of data
..\..\..\..\addons\ofxMaxim\libs\maximilian.cpp(775): warning C4244: 'initializing': conversion from 'double' to 'long', possible loss of data
..\..\..\..\addons\ofxMaxim\libs\maximilian.cpp(797): warning C4244: 'initializing': conversion from 'double' to 'long', possible loss of data
..\..\..\..\addons\ofxMaxim\libs\maximilian.cpp(916): warning C4244: '=': conversion from 'double' to 'long', possible loss of data
..\..\..\..\addons\ofxMaxim\libs\maximilian.cpp(924): warning C4244: '=': conversion from 'double' to 'long', possible loss of data
..\..\..\..\addons\ofxMaxim\libs\maximilian.cpp(935): warning C4244: '=': conversion from 'double' to 'long', possible loss of data
..\..\..\..\addons\ofxMaxim\libs\maximilian.cpp(942): warning C4244: '=': conversion from 'double' to 'long', possible loss of data
..\..\..\..\addons\ofxMaxim\libs\maximilian.cpp(954): warning C4244: '=': conversion from 'double' to 'long', possible loss of data
..\..\..\..\addons\ofxMaxim\libs\maximilian.cpp(965): warning C4244: 'initializing': conversion from 'double' to 'long', possible loss of data
..\..\..\..\addons\ofxMaxim\libs\maximilian.cpp(987): warning C4244: 'initializing': conversion from 'double' to 'long', possible loss of data
..\..\..\..\addons\ofxMaxim\libs\maximilian.cpp(1086): warning C4244: '=': conversion from 'double' to 'long', possible loss of data
..\..\..\..\addons\ofxMaxim\libs\maximilian.cpp(1118): warning C4244: 'initializing': conversion from 'double' to 'float', possible loss of data
..\..\..\..\addons\ofxMaxim\libs\maximilian.cpp(1120): warning C4244: '=': conversion from 'float' to 'short', possible loss of data
..\..\..\..\addons\ofxMaxim\libs\maximilian.cpp(1130): warning C4244: 'argument': conversion from 'int' to 'float', possible loss of data
..\..\..\..\addons\ofxMaxim\libs\maximilian.cpp(1142): warning C4244: 'argument': conversion from 'int' to 'float', possible loss of data
..\..\..\..\addons\ofxMaxim\libs\maximilian.cpp(1168): warning C4244: '=': conversion from 'float' to 'short', possible loss of data
..\..\..\..\addons\ofxMaxim\libs\maximilian.cpp(1169): warning C4244: '=': conversion from 'float' to 'short', possible loss of data
..\..\..\..\addons\ofxMaxim\libs\maximilian.cpp(1752): warning C4244: '=': conversion from 'double' to 'int', possible loss of data
  ofxSpout2Sender.cpp
..\..\..\..\addons\ofxMaxim\libs\maximilian.cpp(2043): warning C4018: '<': signed/unsigned mismatch
..\..\..\..\addons\ofxMaxim\libs\maximilian.cpp(2113): warning C4018: '>': signed/unsigned mismatch
..\..\..\..\addons\ofxMaxim\libs\maximilian.cpp(2199): warning C4018: '<': signed/unsigned mismatch
..\..\..\..\addons\ofxMaxim\libs\maximilian.cpp(2238): warning C4996: 'strerror': This function or variable may be unsafe. Consider using strerror_s instead. To disable deprecation, use _CRT_SECURE_NO_WARNINGS. See online help for details.
  C:\Program Files (x86)\Windows Kits\10\Include\10.0.10240.0\ucrt\string.h(178): note: see declaration of 'strerror'
d:\code\of\of_v0.9.8_vs_release\addons\ofxmaxim\libs\maximilian.h(202): warning C4244: '=': conversion from 'double' to 'float', possible loss of data (compiling source file ..\..\..\..\addons\ofxMaxim\libs\maximilian.cpp)
  d:\code\of\of_v0.9.8_vs_release\addons\ofxmaxim\libs\maximilian.h(200): note: while compiling class template member function 'void maxiLagExp<float>::init(T,T)'
          with
          [
              T=float
          ] (compiling source file ..\..\..\..\addons\ofxMaxim\libs\maximilian.cpp)
  d:\code\of\of_v0.9.8_vs_release\addons\ofxmaxim\libs\maximilian.h(197): note: see reference to function template instantiation 'void maxiLagExp<float>::init(T,T)' being compiled
          with
          [
              T=float
          ] (compiling source file ..\..\..\..\addons\ofxMaxim\libs\maximilian.cpp)
  ..\..\..\..\addons\ofxMaxim\libs\maximilian.cpp(1128): note: see reference to class template instantiation 'maxiLagExp<float>' being compiled
  SpoutDirectX.cpp
  SpoutGLDXinterop.cpp
  SpoutGLextensions.cpp
  SpoutMemoryShare.cpp
  SpoutReceiver.cpp
  SpoutSDK.cpp
  SpoutSender.cpp
  SpoutSenderNames.cpp
  SpoutSharedMemory.cpp
d:\code\of\of_v0.9.8_vs_release\addons\ofxubo\src\ofxubo.h(215): warning C4715: 'ofxUboShader::allocateUbo<GradientParams>': not all control paths return a value
  ofxUbo.cpp
..\..\..\..\addons\ofxSpout2\libs\src\SpoutDirectX.cpp(545): warning C4996: 'GetVersion': was declared deprecated
  C:\Program Files (x86)\Windows Kits\8.1\Include\um\sysinfoapi.h(110): note: see declaration of 'GetVersion'
..\..\..\..\addons\ofxSpout2\libs\src\SpoutGLDXinterop.cpp(773): warning C4477: 'printf' : format string '%x' requires an argument of type 'unsigned int', but variadic argument 1 has type 'void *'
..\..\..\..\addons\ofxUbo\src\ofxUbo.cpp(295): warning C4101: 'index': unreferenced local variable
videoInputD.lib(videoInput.obj) : warning LNK4075: ignoring '/EDITANDCONTINUE' due to '/SAFESEH' specification
     Creating library bin\GradientMapper1_debug.lib and object bin\GradientMapper1_debug.exp
  GradientMapper1.vcxproj -> D:\CODE\OF\of_v0.9.8_vs_release\apps\_honoursproject\OpenFrameworks\GradientMapper1\bin\GradientMapper1_debug.exe
  GradientMapper1.vcxproj -> bin\GradientMapper1_debug.pdb (Full PDB)
  
  	                   9	D:\CODE\OF\of_v0.9.8_vs_release\export\vs\Win32\
  	  *EXTRA File 		 5301488	D:\CODE\OF\of_v0.9.8_vs_release\apps\_honoursproject\OpenFrameworks\GradientMapper1\bin\Processing.NDI.Lib.x64.dll
  	  *EXTRA File 		 2154224	D:\CODE\OF\of_v0.9.8_vs_release\apps\_honoursproject\OpenFrameworks\GradientMapper1\bin\Processing.NDI.Lib.x86.dll
  	    New File  		 2939392	D:\CODE\OF\of_v0.9.8_vs_release\export\vs\Win32\assimp.dll
  	    New File  		 1266176	D:\CODE\OF\of_v0.9.8_vs_release\export\vs\Win32\fmodex.dll
  	    New File  		 1312768	D:\CODE\OF\of_v0.9.8_vs_release\export\vs\Win32\fmodexL.dll
  	    New File  		 5647872	D:\CODE\OF\of_v0.9.8_vs_release\export\vs\Win32\FreeImage.dll
  	    New File  		  580608	D:\CODE\OF\of_v0.9.8_vs_release\export\vs\Win32\freetype.dll
  	    New File  		  237568	D:\CODE\OF\of_v0.9.8_vs_release\export\vs\Win32\glut32.dll
  	    New File  		 1178624	D:\CODE\OF\of_v0.9.8_vs_release\export\vs\Win32\libeay32.dll
  	    New File  		  269824	D:\CODE\OF\of_v0.9.8_vs_release\export\vs\Win32\ssleay32.dll
  	    New File  		   69632	D:\CODE\OF\of_v0.9.8_vs_release\export\vs\Win32\Zlib.dll
