0 info it worked if it ends with ok
1 verbose cli [ '/usr/bin/nodejs', '/usr/bin/npm', 'install', '-g', 'posh-git' ]
2 info using npm@3.5.2
3 info using node@v4.2.6
4 silly loadCurrentTree Starting
5 silly install loadCurrentTree
6 silly install readGlobalPackageData
7 silly fetchPackageMetaData posh-git
8 silly fetchNamedPackageData posh-git
9 silly mapToRegistry name posh-git
10 silly mapToRegistry using default registry
11 silly mapToRegistry registry https://registry.npmjs.org/
12 silly mapToRegistry uri https://registry.npmjs.org/posh-git
13 verbose request uri https://registry.npmjs.org/posh-git
14 verbose request no auth needed
15 info attempt registry request try #1 at 12:08:50 PM
16 verbose request id 32c1cf1604e62ccd
17 verbose etag W/"55998e7a-299b"
18 verbose lastModified Sun, 05 Jul 2015 20:07:22 GMT
19 http request GET https://registry.npmjs.org/posh-git
20 http 304 https://registry.npmjs.org/posh-git
21 verbose headers { date: 'Sun, 22 Oct 2017 02:08:51 GMT',
21 verbose headers   via: '1.1 varnish',
21 verbose headers   'cache-control': 'max-age=300',
21 verbose headers   etag: 'W/"55998e7a-299b"',
21 verbose headers   age: '0',
21 verbose headers   connection: 'keep-alive',
21 verbose headers   'x-served-by': 'cache-mel6525-MEL',
21 verbose headers   'x-cache': 'MISS',
21 verbose headers   'x-cache-hits': '0',
21 verbose headers   'x-timer': 'S1508638131.238534,VS0,VE13',
21 verbose headers   vary: 'Accept-Encoding, Accept' }
22 silly get cb [ 304,
22 silly get   { date: 'Sun, 22 Oct 2017 02:08:51 GMT',
22 silly get     via: '1.1 varnish',
22 silly get     'cache-control': 'max-age=300',
22 silly get     etag: 'W/"55998e7a-299b"',
22 silly get     age: '0',
22 silly get     connection: 'keep-alive',
22 silly get     'x-served-by': 'cache-mel6525-MEL',
22 silly get     'x-cache': 'MISS',
22 silly get     'x-cache-hits': '0',
22 silly get     'x-timer': 'S1508638131.238534,VS0,VE13',
22 silly get     vary: 'Accept-Encoding, Accept' } ]
23 verbose etag https://registry.npmjs.org/posh-git from cache
24 verbose get saving posh-git to /root/.npm/registry.npmjs.org/posh-git/.cache.json
25 silly install normalizeTree
26 silly loadCurrentTree Finishing
27 silly loadIdealTree Starting
28 silly install loadIdealTree
29 silly cloneCurrentTree Starting
30 silly install cloneCurrentTreeToIdealTree
31 silly cloneCurrentTree Finishing
32 silly loadShrinkwrap Starting
33 silly install loadShrinkwrap
34 silly loadShrinkwrap Finishing
35 silly loadAllDepsIntoIdealTree Starting
36 silly install loadAllDepsIntoIdealTree
37 silly resolveWithNewModule posh-git@0.0.9 checking installable status
38 silly cache add args [ 'posh-git', null ]
39 verbose cache add spec posh-git
40 silly cache add parsed spec Result {
40 silly cache add   raw: 'posh-git',
40 silly cache add   scope: null,
40 silly cache add   name: 'posh-git',
40 silly cache add   rawSpec: '',
40 silly cache add   spec: 'latest',
40 silly cache add   type: 'tag' }
41 silly addNamed posh-git@latest
42 verbose addNamed "latest" is being treated as a dist-tag for posh-git
43 info addNameTag [ 'posh-git', 'latest' ]
44 silly mapToRegistry name posh-git
45 silly mapToRegistry using default registry
46 silly mapToRegistry registry https://registry.npmjs.org/
47 silly mapToRegistry uri https://registry.npmjs.org/posh-git
48 verbose addNameTag registry:https://registry.npmjs.org/posh-git not in flight; fetching
49 verbose get https://registry.npmjs.org/posh-git not expired, no request
50 silly addNameTag next cb for posh-git with tag latest
51 silly addNamed posh-git@0.0.9
52 verbose addNamed "0.0.9" is a plain semver version for posh-git
53 silly cache afterAdd posh-git@0.0.9
54 verbose afterAdd /root/.npm/posh-git/0.0.9/package/package.json not in flight; writing
55 verbose afterAdd /root/.npm/posh-git/0.0.9/package/package.json written
56 silly fetchNamedPackageData colors
57 silly mapToRegistry name colors
58 silly mapToRegistry using default registry
59 silly mapToRegistry registry https://registry.npmjs.org/
60 silly mapToRegistry uri https://registry.npmjs.org/colors
61 silly fetchNamedPackageData commander
62 silly mapToRegistry name commander
63 silly mapToRegistry using default registry
64 silly mapToRegistry registry https://registry.npmjs.org/
65 silly mapToRegistry uri https://registry.npmjs.org/commander
66 verbose request uri https://registry.npmjs.org/colors
67 verbose request no auth needed
68 info attempt registry request try #1 at 12:08:53 PM
69 verbose etag W/"59eb92ac-5b09"
70 verbose lastModified Sat, 21 Oct 2017 18:32:12 GMT
71 http request GET https://registry.npmjs.org/colors
72 verbose request uri https://registry.npmjs.org/commander
73 verbose request no auth needed
74 info attempt registry request try #1 at 12:08:53 PM
75 verbose etag W/"59e88f94-1189b"
76 verbose lastModified Thu, 19 Oct 2017 11:42:12 GMT
77 http request GET https://registry.npmjs.org/commander
78 http 304 https://registry.npmjs.org/colors
79 verbose headers { date: 'Sun, 22 Oct 2017 02:08:51 GMT',
79 verbose headers   via: '1.1 varnish',
79 verbose headers   'cache-control': 'max-age=300',
79 verbose headers   etag: 'W/"59eb92ac-5b09"',
79 verbose headers   age: '152',
79 verbose headers   connection: 'keep-alive',
79 verbose headers   'x-served-by': 'cache-mel6523-MEL',
79 verbose headers   'x-cache': 'HIT',
79 verbose headers   'x-cache-hits': '1',
79 verbose headers   'x-timer': 'S1508638132.604126,VS0,VE1',
79 verbose headers   vary: 'Accept-Encoding, Accept' }
80 silly get cb [ 304,
80 silly get   { date: 'Sun, 22 Oct 2017 02:08:51 GMT',
80 silly get     via: '1.1 varnish',
80 silly get     'cache-control': 'max-age=300',
80 silly get     etag: 'W/"59eb92ac-5b09"',
80 silly get     age: '152',
80 silly get     connection: 'keep-alive',
80 silly get     'x-served-by': 'cache-mel6523-MEL',
80 silly get     'x-cache': 'HIT',
80 silly get     'x-cache-hits': '1',
80 silly get     'x-timer': 'S1508638132.604126,VS0,VE1',
80 silly get     vary: 'Accept-Encoding, Accept' } ]
81 verbose etag https://registry.npmjs.org/colors from cache
82 verbose get saving colors to /root/.npm/registry.npmjs.org/colors/.cache.json
83 http 304 https://registry.npmjs.org/commander
84 verbose headers { date: 'Sun, 22 Oct 2017 02:08:51 GMT',
84 verbose headers   via: '1.1 varnish',
84 verbose headers   'cache-control': 'max-age=300',
84 verbose headers   etag: 'W/"59e88f94-1189b"',
84 verbose headers   age: '157',
84 verbose headers   connection: 'keep-alive',
84 verbose headers   'x-served-by': 'cache-mel6525-MEL',
84 verbose headers   'x-cache': 'HIT',
84 verbose headers   'x-cache-hits': '2',
84 verbose headers   'x-timer': 'S1508638132.617291,VS0,VE0',
84 verbose headers   vary: 'Accept-Encoding, Accept' }
85 silly get cb [ 304,
85 silly get   { date: 'Sun, 22 Oct 2017 02:08:51 GMT',
85 silly get     via: '1.1 varnish',
85 silly get     'cache-control': 'max-age=300',
85 silly get     etag: 'W/"59e88f94-1189b"',
85 silly get     age: '157',
85 silly get     connection: 'keep-alive',
85 silly get     'x-served-by': 'cache-mel6525-MEL',
85 silly get     'x-cache': 'HIT',
85 silly get     'x-cache-hits': '2',
85 silly get     'x-timer': 'S1508638132.617291,VS0,VE0',
85 silly get     vary: 'Accept-Encoding, Accept' } ]
86 verbose etag https://registry.npmjs.org/commander from cache
87 verbose get saving commander to /root/.npm/registry.npmjs.org/commander/.cache.json
88 silly resolveWithNewModule colors@1.1.2 checking installable status
89 silly cache add args [ 'colors@^1.1.2', null ]
90 verbose cache add spec colors@^1.1.2
91 silly cache add parsed spec Result {
91 silly cache add   raw: 'colors@^1.1.2',
91 silly cache add   scope: null,
91 silly cache add   name: 'colors',
91 silly cache add   rawSpec: '^1.1.2',
91 silly cache add   spec: '>=1.1.2 <2.0.0',
91 silly cache add   type: 'range' }
92 silly addNamed colors@>=1.1.2 <2.0.0
93 verbose addNamed ">=1.1.2 <2.0.0" is a valid semver range for colors
94 silly addNameRange { name: 'colors', range: '>=1.1.2 <2.0.0', hasData: false }
95 silly mapToRegistry name colors
96 silly mapToRegistry using default registry
97 silly mapToRegistry registry https://registry.npmjs.org/
98 silly mapToRegistry uri https://registry.npmjs.org/colors
99 verbose addNameRange registry:https://registry.npmjs.org/colors not in flight; fetching
100 silly resolveWithNewModule commander@2.11.0 checking installable status
101 silly cache add args [ 'commander@^2.8.1', null ]
102 verbose cache add spec commander@^2.8.1
103 silly cache add parsed spec Result {
103 silly cache add   raw: 'commander@^2.8.1',
103 silly cache add   scope: null,
103 silly cache add   name: 'commander',
103 silly cache add   rawSpec: '^2.8.1',
103 silly cache add   spec: '>=2.8.1 <3.0.0',
103 silly cache add   type: 'range' }
104 silly addNamed commander@>=2.8.1 <3.0.0
105 verbose addNamed ">=2.8.1 <3.0.0" is a valid semver range for commander
106 silly addNameRange { name: 'commander', range: '>=2.8.1 <3.0.0', hasData: false }
107 silly mapToRegistry name commander
108 silly mapToRegistry using default registry
109 silly mapToRegistry registry https://registry.npmjs.org/
110 silly mapToRegistry uri https://registry.npmjs.org/commander
111 verbose addNameRange registry:https://registry.npmjs.org/commander not in flight; fetching
112 verbose get https://registry.npmjs.org/colors not expired, no request
113 silly addNameRange number 2 { name: 'colors', range: '>=1.1.2 <2.0.0', hasData: true }
114 silly addNameRange versions [ 'colors',
114 silly addNameRange   [ '0.3.0',
114 silly addNameRange     '0.5.0',
114 silly addNameRange     '0.5.1',
114 silly addNameRange     '0.6.0',
114 silly addNameRange     '0.6.0-1',
114 silly addNameRange     '0.6.1',
114 silly addNameRange     '0.6.2',
114 silly addNameRange     '1.0.0',
114 silly addNameRange     '1.0.1',
114 silly addNameRange     '1.0.2',
114 silly addNameRange     '1.0.3',
114 silly addNameRange     '1.1.0',
114 silly addNameRange     '1.1.1',
114 silly addNameRange     '1.1.2' ] ]
115 silly addNamed colors@1.1.2
116 verbose addNamed "1.1.2" is a plain semver version for colors
117 verbose get https://registry.npmjs.org/commander not expired, no request
118 silly addNameRange number 2 { name: 'commander', range: '>=2.8.1 <3.0.0', hasData: true }
119 silly addNameRange versions [ 'commander',
119 silly addNameRange   [ '0.0.1',
119 silly addNameRange     '0.0.3',
119 silly addNameRange     '0.0.4',
119 silly addNameRange     '0.0.5',
119 silly addNameRange     '0.1.0',
119 silly addNameRange     '0.2.0',
119 silly addNameRange     '0.2.1',
119 silly addNameRange     '0.3.0',
119 silly addNameRange     '0.3.1',
119 silly addNameRange     '0.3.2',
119 silly addNameRange     '0.3.3',
119 silly addNameRange     '0.4.0',
119 silly addNameRange     '0.4.1',
119 silly addNameRange     '0.4.2',
119 silly addNameRange     '0.4.3',
119 silly addNameRange     '0.5.0',
119 silly addNameRange     '0.5.1',
119 silly addNameRange     '0.6.0',
119 silly addNameRange     '0.6.1',
119 silly addNameRange     '0.5.2',
119 silly addNameRange     '1.0.0',
119 silly addNameRange     '1.0.1',
119 silly addNameRange     '1.0.2',
119 silly addNameRange     '1.0.3',
119 silly addNameRange     '1.0.4',
119 silly addNameRange     '1.0.5',
119 silly addNameRange     '1.1.0',
119 silly addNameRange     '1.1.1',
119 silly addNameRange     '1.2.0',
119 silly addNameRange     '1.3.0',
119 silly addNameRange     '1.3.1',
119 silly addNameRange     '1.3.2',
119 silly addNameRange     '2.0.0',
119 silly addNameRange     '2.1.0',
119 silly addNameRange     '2.2.0',
119 silly addNameRange     '2.3.0',
119 silly addNameRange     '2.4.0',
119 silly addNameRange     '2.5.0',
119 silly addNameRange     '2.5.1',
119 silly addNameRange     '2.6.0',
119 silly addNameRange     '2.7.0',
119 silly addNameRange     '2.7.1',
119 silly addNameRange     '2.8.0',
119 silly addNameRange     '2.8.1',
119 silly addNameRange     '2.9.0',
119 silly addNameRange     '2.10.0',
119 silly addNameRange     '2.11.0' ] ]
120 silly addNamed commander@2.11.0
121 verbose addNamed "2.11.0" is a plain semver version for commander
122 silly cache afterAdd colors@1.1.2
123 verbose afterAdd /root/.npm/colors/1.1.2/package/package.json not in flight; writing
124 silly cache afterAdd commander@2.11.0
125 verbose afterAdd /root/.npm/commander/2.11.0/package/package.json not in flight; writing
126 verbose afterAdd /root/.npm/colors/1.1.2/package/package.json written
127 verbose afterAdd /root/.npm/commander/2.11.0/package/package.json written
128 silly loadAllDepsIntoIdealTree Finishing
129 silly idealTree:prePrune lib
129 silly idealTree:prePrune └─┬ posh-git@0.0.9
129 silly idealTree:prePrune   ├── colors@1.1.2
129 silly idealTree:prePrune   └── commander@2.11.0
130 silly loadIdealTree Finishing
131 silly currentTree lib
132 silly idealTree lib
132 silly idealTree └─┬ posh-git@0.0.9
132 silly idealTree   ├── colors@1.1.2
132 silly idealTree   └── commander@2.11.0
133 silly generateActionsToTake Starting
134 silly install generateActionsToTake
135 silly generateActionsToTake Finishing
136 silly diffTrees action count 3
137 silly diffTrees add colors@1.1.2
138 silly diffTrees add commander@2.11.0
139 silly diffTrees add posh-git@0.0.9
140 silly decomposeActions action count 24
141 silly decomposeActions fetch colors@1.1.2
142 silly decomposeActions extract colors@1.1.2
143 silly decomposeActions test colors@1.1.2
144 silly decomposeActions preinstall colors@1.1.2
145 silly decomposeActions build colors@1.1.2
146 silly decomposeActions install colors@1.1.2
147 silly decomposeActions postinstall colors@1.1.2
148 silly decomposeActions finalize colors@1.1.2
149 silly decomposeActions fetch commander@2.11.0
150 silly decomposeActions extract commander@2.11.0
151 silly decomposeActions test commander@2.11.0
152 silly decomposeActions preinstall commander@2.11.0
153 silly decomposeActions build commander@2.11.0
154 silly decomposeActions install commander@2.11.0
155 silly decomposeActions postinstall commander@2.11.0
156 silly decomposeActions finalize commander@2.11.0
157 silly decomposeActions fetch posh-git@0.0.9
158 silly decomposeActions extract posh-git@0.0.9
159 silly decomposeActions test posh-git@0.0.9
160 silly decomposeActions preinstall posh-git@0.0.9
161 silly decomposeActions build posh-git@0.0.9
162 silly decomposeActions install posh-git@0.0.9
163 silly decomposeActions postinstall posh-git@0.0.9
164 silly decomposeActions finalize posh-git@0.0.9
165 silly executeActions Starting
166 silly install executeActions
167 silly doSerial global-install 0
168 silly doParallel fetch 3
169 verbose lock using /root/.npm/_locks/staging-3a08f0df5026584d.lock for /usr/local/lib/node_modules/.staging
170 silly doParallel extract 3
171 silly extract colors@1.1.2
172 silly extract commander@2.11.0
173 silly extract posh-git@0.0.9
174 verbose unbuild lib/node_modules/.staging/colors-48c1d00f
175 silly gentlyRm /usr/local/lib/node_modules/.staging/colors-48c1d00f is being purged from base /usr/local
176 verbose gentlyRm don't care about contents; nuking /usr/local/lib/node_modules/.staging/colors-48c1d00f
177 verbose unbuild lib/node_modules/.staging/commander-2eef9939
178 verbose tar unpack /root/.npm/colors/1.1.2/package.tgz
179 verbose tar unpacking to /usr/local/lib/node_modules/.staging/colors-48c1d00f
180 silly gentlyRm /usr/local/lib/node_modules/.staging/colors-48c1d00f is being purged
181 verbose gentlyRm don't care about contents; nuking /usr/local/lib/node_modules/.staging/colors-48c1d00f
182 silly gunzTarPerm modes [ '755', '644' ]
183 verbose unbuild lib/node_modules/.staging/posh-git-d425f663
184 silly gentlyRm /usr/local/lib/node_modules/.staging/commander-2eef9939 is being purged from base /usr/local
185 verbose gentlyRm don't care about contents; nuking /usr/local/lib/node_modules/.staging/commander-2eef9939
186 verbose tar unpack /root/.npm/commander/2.11.0/package.tgz
187 verbose tar unpacking to /usr/local/lib/node_modules/.staging/commander-2eef9939
188 silly gentlyRm /usr/local/lib/node_modules/.staging/commander-2eef9939 is being purged
189 verbose gentlyRm don't care about contents; nuking /usr/local/lib/node_modules/.staging/commander-2eef9939
190 silly gentlyRm /usr/local/lib/node_modules/.staging/posh-git-d425f663 is being purged from base /usr/local
191 verbose gentlyRm don't care about contents; nuking /usr/local/lib/node_modules/.staging/posh-git-d425f663
192 silly gunzTarPerm modes [ '755', '644' ]
193 verbose tar unpack /root/.npm/posh-git/0.0.9/package.tgz
194 verbose tar unpacking to /usr/local/lib/node_modules/.staging/posh-git-d425f663
195 silly gentlyRm /usr/local/lib/node_modules/.staging/posh-git-d425f663 is being purged
196 verbose gentlyRm don't care about contents; nuking /usr/local/lib/node_modules/.staging/posh-git-d425f663
197 silly gunzTarPerm modes [ '755', '644' ]
198 silly gunzTarPerm extractEntry package.json
199 silly gunzTarPerm extractEntry package.json
200 silly gunzTarPerm extractEntry package.json
201 silly gunzTarPerm extractEntry LICENSE
202 silly gunzTarPerm extractEntry safe.js
203 silly gunzTarPerm extractEntry LICENSE
204 silly gunzTarPerm extractEntry index.js
205 silly gunzTarPerm extractEntry README.md
206 silly gunzTarPerm extractEntry index.js
207 silly gunzTarPerm extractEntry Readme.md
208 silly gunzTarPerm extractEntry ReadMe.md
209 silly gunzTarPerm extractEntry examples/normal-usage.js
210 silly gunzTarPerm extractEntry examples/safe-string.js
211 silly gunzTarPerm extractEntry lib/colors.js
212 silly gunzTarPerm extractEntry History.md
213 silly gunzTarPerm extractEntry lib/extendStringPrototype.js
214 silly gunzTarPerm extractEntry lib/index.js
215 silly gunzTarPerm extractEntry lib/styles.js
216 silly gentlyRm /usr/local/lib/node_modules/.staging/posh-git-d425f663/node_modules is being purged
217 verbose gentlyRm don't care about contents; nuking /usr/local/lib/node_modules/.staging/posh-git-d425f663/node_modules
218 silly gunzTarPerm extractEntry lib/custom/trap.js
219 silly gunzTarPerm extractEntry lib/custom/zalgo.js
220 silly gunzTarPerm extractEntry lib/maps/america.js
221 silly gunzTarPerm extractEntry lib/maps/rainbow.js
222 silly gentlyRm /usr/local/lib/node_modules/.staging/commander-2eef9939/node_modules is being purged
223 verbose gentlyRm don't care about contents; nuking /usr/local/lib/node_modules/.staging/commander-2eef9939/node_modules
224 silly gunzTarPerm extractEntry lib/maps/random.js
225 silly gunzTarPerm extractEntry lib/maps/zebra.js
226 silly gunzTarPerm extractEntry lib/system/supports-colors.js
227 silly gunzTarPerm extractEntry themes/generic-logging.js
228 silly gentlyRm /usr/local/lib/node_modules/.staging/colors-48c1d00f/node_modules is being purged
229 verbose gentlyRm don't care about contents; nuking /usr/local/lib/node_modules/.staging/colors-48c1d00f/node_modules
230 silly doParallel preinstall 3
231 silly preinstall colors@1.1.2 /usr/local/lib/node_modules/.staging/colors-48c1d00f
232 info lifecycle colors@1.1.2~preinstall: colors@1.1.2
233 silly preinstall commander@2.11.0 /usr/local/lib/node_modules/.staging/commander-2eef9939
234 info lifecycle commander@2.11.0~preinstall: commander@2.11.0
235 silly preinstall posh-git@0.0.9 /usr/local/lib/node_modules/.staging/posh-git-d425f663
236 info lifecycle posh-git@0.0.9~preinstall: posh-git@0.0.9
237 silly lifecycle colors@1.1.2~preinstall: no script for preinstall, continuing
238 silly lifecycle commander@2.11.0~preinstall: no script for preinstall, continuing
239 silly lifecycle posh-git@0.0.9~preinstall: no script for preinstall, continuing
240 silly doReverseSerial remove 0
241 silly doSerial move 0
242 silly doSerial finalize 3
243 silly finalize /usr/local/lib/node_modules/posh-git/node_modules/colors
244 silly finalize /usr/local/lib/node_modules/posh-git/node_modules/commander
245 silly finalize /usr/local/lib/node_modules/posh-git
246 silly doSerial build 3
247 silly build colors@1.1.2
248 info linkStuff colors@1.1.2
249 silly linkStuff colors@1.1.2 has /usr/local/lib/node_modules/posh-git/node_modules as its parent node_modules
250 silly linkStuff colors@1.1.2 is part of a global install
251 silly linkStuff colors@1.1.2 is installed into a global node_modules
252 verbose linkBins colors@1.1.2
253 verbose linkMans colors@1.1.2
254 silly build commander@2.11.0
255 info linkStuff commander@2.11.0
256 silly linkStuff commander@2.11.0 has /usr/local/lib/node_modules/posh-git/node_modules as its parent node_modules
257 silly linkStuff commander@2.11.0 is part of a global install
258 silly linkStuff commander@2.11.0 is installed into a global node_modules
259 verbose linkBins commander@2.11.0
260 verbose linkMans commander@2.11.0
261 silly build posh-git@0.0.9
262 info linkStuff posh-git@0.0.9
263 silly linkStuff posh-git@0.0.9 has /usr/local/lib/node_modules as its parent node_modules
264 silly linkStuff posh-git@0.0.9 is part of a global install
265 silly linkStuff posh-git@0.0.9 is installed into a global node_modules
266 silly linkStuff posh-git@0.0.9 is installed into the top-level global node_modules
267 verbose linkBins posh-git@0.0.9
268 verbose link bins [ { 'posh-git-install': 'index.js' }, '/usr/local/bin', true ]
269 verbose linkMans posh-git@0.0.9
270 silly doSerial global-link 0
271 silly doParallel update-linked 0
272 silly doSerial install 3
273 silly install colors@1.1.2 /usr/local/lib/node_modules/.staging/colors-48c1d00f
274 info lifecycle colors@1.1.2~install: colors@1.1.2
275 silly lifecycle colors@1.1.2~install: no script for install, continuing
276 silly install commander@2.11.0 /usr/local/lib/node_modules/.staging/commander-2eef9939
277 info lifecycle commander@2.11.0~install: commander@2.11.0
278 silly lifecycle commander@2.11.0~install: no script for install, continuing
279 silly install posh-git@0.0.9 /usr/local/lib/node_modules/.staging/posh-git-d425f663
280 info lifecycle posh-git@0.0.9~install: posh-git@0.0.9
281 silly lifecycle posh-git@0.0.9~install: no script for install, continuing
282 silly doSerial postinstall 3
283 silly postinstall colors@1.1.2 /usr/local/lib/node_modules/.staging/colors-48c1d00f
284 info lifecycle colors@1.1.2~postinstall: colors@1.1.2
285 silly lifecycle colors@1.1.2~postinstall: no script for postinstall, continuing
286 silly postinstall commander@2.11.0 /usr/local/lib/node_modules/.staging/commander-2eef9939
287 info lifecycle commander@2.11.0~postinstall: commander@2.11.0
288 silly lifecycle commander@2.11.0~postinstall: no script for postinstall, continuing
289 silly postinstall posh-git@0.0.9 /usr/local/lib/node_modules/.staging/posh-git-d425f663
290 info lifecycle posh-git@0.0.9~postinstall: posh-git@0.0.9
291 verbose lifecycle posh-git@0.0.9~postinstall: unsafe-perm in lifecycle false
292 verbose lifecycle posh-git@0.0.9~postinstall: PATH: /usr/share/npm/bin/node-gyp-bin:/usr/local/lib/node_modules/posh-git/node_modules/.bin:/usr/local/lib/node_modules/.bin:/usr/local/sbin:/usr/local/bin:/usr/sbin:/usr/bin:/sbin:/bin:/snap/bin
293 verbose lifecycle posh-git@0.0.9~postinstall: CWD: /usr/local/lib/node_modules/posh-git
294 silly lifecycle posh-git@0.0.9~postinstall: Args: [ '-c', 'node index -n' ]
295 info lifecycle posh-git@0.0.9~postinstall: Failed to exec postinstall script
296 verbose unlock done using /root/.npm/_locks/staging-3a08f0df5026584d.lock for /usr/local/lib/node_modules/.staging
297 silly rollbackFailedOptional Starting
298 silly rollbackFailedOptional Finishing
299 silly runTopLevelLifecycles Starting
300 silly runTopLevelLifecycles Finishing
301 silly install printInstalled
302 verbose stack Error: posh-git@0.0.9 postinstall: `node index -n`
302 verbose stack spawn ENOENT
302 verbose stack     at ChildProcess.<anonymous> (/usr/share/npm/lib/utils/spawn.js:17:16)
302 verbose stack     at emitTwo (events.js:87:13)
302 verbose stack     at ChildProcess.emit (events.js:172:7)
302 verbose stack     at maybeClose (internal/child_process.js:821:16)
302 verbose stack     at Process.ChildProcess._handle.onexit (internal/child_process.js:211:5)
303 verbose pkgid posh-git@0.0.9
304 verbose cwd /mnt/c/Users/matt9/Documents/Code/_OpenFrameworks/of_v0.9.8_vs_release/apps/_honoursproject/OpenFrameworks
305 error Linux 4.4.0-43-Microsoft
306 error argv "/usr/bin/nodejs" "/usr/bin/npm" "install" "-g" "posh-git"
307 error node v4.2.6
308 error npm  v3.5.2
309 error file sh
310 error code ELIFECYCLE
311 error errno ENOENT
312 error syscall spawn
313 error posh-git@0.0.9 postinstall: `node index -n`
313 error spawn ENOENT
314 error Failed at the posh-git@0.0.9 postinstall script 'node index -n'.
314 error Make sure you have the latest version of node.js and npm installed.
314 error If you do, this is most likely a problem with the posh-git package,
314 error not with npm itself.
314 error Tell the author that this fails on your system:
314 error     node index -n
314 error You can get information on how to open an issue for this project with:
314 error     npm bugs posh-git
314 error Or if that isn't available, you can get their info via:
314 error     npm owner ls posh-git
314 error There is likely additional logging output above.
315 verbose exit [ 1, true ]
